0 info it worked if it ends with ok
1 verbose cli [ '/home/asus3/.nvm/versions/node/v6.3.1/bin/node',
1 verbose cli   '/home/asus3/.nvm/versions/node/v6.3.1/bin/npm',
1 verbose cli   'run',
1 verbose cli   'serve' ]
2 info using npm@3.10.5
3 info using node@v6.3.1
4 verbose run-script [ 'preserve', 'serve', 'postserve' ]
5 info lifecycle angular2-starter@0.1.0~preserve: angular2-starter@0.1.0
6 silly lifecycle angular2-starter@0.1.0~preserve: no script for preserve, continuing
7 info lifecycle angular2-starter@0.1.0~serve: angular2-starter@0.1.0
8 verbose lifecycle angular2-starter@0.1.0~serve: unsafe-perm in lifecycle true
9 verbose lifecycle angular2-starter@0.1.0~serve: PATH: /home/asus3/.nvm/versions/node/v6.3.1/lib/node_modules/npm/bin/node-gyp-bin:/home/asus3/projects/studwork/node_modules/.bin:/home/asus3/.nvm/versions/node/v6.3.1/bin:/home/asus3/.nvm/versions/node/v6.3.1/bin:/usr/local/sbin:/usr/local/bin:/usr/sbin:/usr/bin:/sbin:/bin:/usr/games:/usr/local/games
10 verbose lifecycle angular2-starter@0.1.0~serve: CWD: /home/asus3/projects/studwork
11 silly lifecycle angular2-starter@0.1.0~serve: Args: [ '-c', 'webpack-dev-server --inline --progress' ]
12 silly lifecycle angular2-starter@0.1.0~serve: Returned: code: 1  signal: null
13 info lifecycle angular2-starter@0.1.0~serve: Failed to exec serve script
14 verbose stack Error: angular2-starter@0.1.0 serve: `webpack-dev-server --inline --progress`
14 verbose stack Exit status 1
14 verbose stack     at EventEmitter.<anonymous> (/home/asus3/.nvm/versions/node/v6.3.1/lib/node_modules/npm/lib/utils/lifecycle.js:242:16)
14 verbose stack     at emitTwo (events.js:106:13)
14 verbose stack     at EventEmitter.emit (events.js:191:7)
14 verbose stack     at ChildProcess.<anonymous> (/home/asus3/.nvm/versions/node/v6.3.1/lib/node_modules/npm/lib/utils/spawn.js:40:14)
14 verbose stack     at emitTwo (events.js:106:13)
14 verbose stack     at ChildProcess.emit (events.js:191:7)
14 verbose stack     at maybeClose (internal/child_process.js:852:16)
14 verbose stack     at Process.ChildProcess._handle.onexit (internal/child_process.js:215:5)
15 verbose pkgid angular2-starter@0.1.0
16 verbose cwd /home/asus3/projects/studwork
17 error Linux 3.16.0-77-generic
18 error argv "/home/asus3/.nvm/versions/node/v6.3.1/bin/node" "/home/asus3/.nvm/versions/node/v6.3.1/bin/npm" "run" "serve"
19 error node v6.3.1
20 error npm  v3.10.5
21 error code ELIFECYCLE
22 error angular2-starter@0.1.0 serve: `webpack-dev-server --inline --progress`
22 error Exit status 1
23 error Failed at the angular2-starter@0.1.0 serve script 'webpack-dev-server --inline --progress'.
23 error Make sure you have the latest version of node.js and npm installed.
23 error If you do, this is most likely a problem with the angular2-starter package,
23 error not with npm itself.
23 error Tell the author that this fails on your system:
23 error     webpack-dev-server --inline --progress
23 error You can get information on how to open an issue for this project with:
23 error     npm bugs angular2-starter
23 error Or if that isn't available, you can get their info via:
23 error     npm owner ls angular2-starter
23 error There is likely additional logging output above.
24 verbose exit [ 1, true ]
